2021-02-21 14:14:02,260:INFO:PyCaret Supervised Module
2021-02-21 14:14:02,265:INFO:ML Usecase: regression
2021-02-21 14:14:02,265:INFO:version 2.2.3
2021-02-21 14:14:02,266:INFO:Initializing setup()
2021-02-21 14:14:02,266:INFO:setup(target=logS, ml_usecase=regression, available_plots={'parameter': 'Hyperparameters', 'residuals': 'Residuals', 'error': 'Prediction Error', 'cooks': 'Cooks Distance', 'rfe': 'Feature Selection', 'learning': 'Learning Curve', 'manifold': 'Manifold Learning', 'vc': 'Validation Curve', 'feature': 'Feature Importance', 'feature_all': 'Feature Importance (All)', 'tree': 'Decision Tree'}, train_size=0.8, test_data=None, preprocess=True, imputation_type=simple, iterative_imputation_iters=5, categorical_features=None, categorical_imputation=constant, categorical_iterative_imputer=lightgbm, ordinal_features=None, high_cardinality_features=None, high_cardinality_method=frequency, numeric_features=None, numeric_imputation=mean, numeric_iterative_imputer=lightgbm, date_features=None, ignore_features=None, normalize=False, normalize_method=zscore, transformation=False, transformation_method=yeo-johnson, handle_unknown_categorical=True, unknown_categorical_method=least_frequent, pca=False, pca_method=linear, pca_components=None, ignore_low_variance=False, combine_rare_levels=False, rare_level_threshold=0.1, bin_numeric_features=None, remove_outliers=False, outliers_threshold=0.05, remove_multicollinearity=False, multicollinearity_threshold=0.9, remove_perfect_collinearity=True, create_clusters=False, cluster_iter=20, polynomial_features=False, polynomial_degree=2, trigonometry_features=False, polynomial_threshold=0.1, group_features=None, group_names=None, feature_selection=False, feature_selection_threshold=0.8, feature_selection_method=classic, feature_interaction=False, feature_ratio=False, interaction_threshold=0.01, fix_imbalance=False, fix_imbalance_method=None, transform_target=False, transform_target_method=box-cox, data_split_shuffle=True, data_split_stratify=False, fold_strategy=kfold, fold=10, fold_shuffle=False, fold_groups=None, n_jobs=-1, use_gpu=False, custom_pipeline=None, html=True, session_id=None, log_experiment=False, experiment_name=None, log_plots=False, log_profile=False, log_data=False, silent=True, verbose=True, profile=False, profile_kwargs=None, display=None)
2021-02-21 14:14:02,266:INFO:Checking environment
2021-02-21 14:14:02,266:INFO:python_version: 3.7.0
2021-02-21 14:14:02,266:INFO:python_build: ('default', 'Oct  9 2018 10:31:47')
2021-02-21 14:14:02,267:INFO:machine: x86_64
2021-02-21 14:14:02,270:INFO:platform: Linux-5.8.0-43-generic-x86_64-with-debian-bullseye-sid
2021-02-21 14:14:02,271:WARNING:cannot find psutil installation. memory not traceable. Install psutil using pip to enable memory logging.
2021-02-21 14:14:02,271:INFO:Checking libraries
2021-02-21 14:14:02,271:INFO:pd==1.2.2
2021-02-21 14:14:02,272:INFO:numpy==1.19.2
2021-02-21 14:14:02,272:INFO:sklearn==0.23.2
2021-02-21 14:14:02,288:INFO:xgboost==1.3.3
2021-02-21 14:14:02,288:INFO:lightgbm==3.1.1
2021-02-21 14:14:02,303:INFO:catboost==0.24.4
2021-02-21 14:14:02,525:INFO:mlflow==1.14.0
2021-02-21 14:14:02,525:INFO:Checking Exceptions
2021-02-21 14:14:02,525:INFO:Declaring global variables
2021-02-21 14:14:02,525:INFO:USI: c7e4
2021-02-21 14:14:02,525:INFO:pycaret_globals: {'fold_groups_param', 'n_jobs_param', 'logging_param', 'fold_generator', '_internal_pipeline', '_all_models_internal', 'fold_shuffle_param', 'transform_target_method_param', 'exp_name_log', 'X_test', 'iterative_imputation_iters_param', 'USI', 'display_container', '_ml_usecase', 'gpu_param', '_all_metrics', 'experiment__', 'y_test', 'log_plots_param', 'fix_imbalance_param', 'data_before_preprocess', '_all_models', 'fix_imbalance_method_param', '_gpu_n_jobs_param', 'master_model_container', '_available_plots', 'X_train', 'stratify_param', 'prep_pipe', 'fold_param', 'seed', 'imputation_regressor', 'y_train', 'html_param', 'pycaret_globals', 'create_model_container', 'target_param', 'imputation_classifier', 'transform_target_param', 'X', 'y'}
2021-02-21 14:14:02,525:INFO:Preparing display monitor
2021-02-21 14:14:02,525:INFO:Preparing display monitor
2021-02-21 14:14:02,540:INFO:Importing libraries
2021-02-21 14:14:02,540:INFO:Copying data for preprocessing
2021-02-21 14:14:02,552:INFO:Declaring preprocessing parameters
2021-02-21 14:14:02,555:INFO:Creating preprocessing pipeline
2021-02-21 14:14:02,563:INFO:Preprocessing pipeline created successfully
2021-02-21 14:14:02,565:ERROR:(Process Exit): setup has been interupted with user command 'quit'. setup must rerun.
2021-02-21 14:14:02,565:INFO:Creating global containers
2021-02-21 14:14:02,567:INFO:Internal pipeline: Pipeline(memory=None, steps=[('empty_step', 'passthrough')], verbose=False)
2021-02-21 14:14:02,991:INFO:Creating grid variables
2021-02-21 14:14:03,007:INFO:create_model_container: 0
2021-02-21 14:14:03,007:INFO:master_model_container: 0
2021-02-21 14:14:03,008:INFO:display_container: 1
2021-02-21 14:14:03,015:INFO:Pipeline(memory=None,
         steps=[('dtypes',
                 DataTypes_Auto_infer(categorical_features=[],
                                      display_types=False, features_todrop=[],
                                      id_columns=[], ml_usecase='regression',
                                      numerical_features=[], target='logS',
                                      time_features=[])),
                ('imputer',
                 Simple_Imputer(categorical_strategy='not_available',
                                fill_value_categorical=None,
                                fill_value_numerical=None,
                                numeric_strategy='...
                ('scaling', 'passthrough'), ('P_transform', 'passthrough'),
                ('binn', 'passthrough'), ('rem_outliers', 'passthrough'),
                ('cluster_all', 'passthrough'),
                ('dummy', Dummify(target='logS')),
                ('fix_perfect', Remove_100(target='logS')),
                ('clean_names', Clean_Colum_Names()),
                ('feature_select', 'passthrough'), ('fix_multi', 'passthrough'),
                ('dfs', 'passthrough'), ('pca', 'passthrough')],
         verbose=False)
2021-02-21 14:14:03,015:INFO:setup() succesfully completed......................................
2021-02-21 14:14:24,785:INFO:Initializing compare_models()
2021-02-21 14:14:24,786:INFO:compare_models(include=None, fold=None, round=4, cross_validation=True, sort=R2, n_select=1, budget_time=None, turbo=True, errors=ignore, fit_kwargs=None, groups=None, verbose=True, display=None, exclude=None)
2021-02-21 14:14:24,786:INFO:Checking exceptions
2021-02-21 14:14:24,787:INFO:Preparing display monitor
2021-02-21 14:14:24,787:INFO:Preparing display monitor
2021-02-21 14:14:24,869:INFO:Initializing Linear Regression
2021-02-21 14:14:24,869:INFO:Total runtime is 3.24249267578125e-06 minutes
2021-02-21 14:14:24,886:INFO:SubProcess create_model() called ==================================
2021-02-21 14:14:24,887:INFO:Initializing create_model()
2021-02-21 14:14:24,887:INFO:create_model(estimator=lr, fold=KFold(n_splits=10, random_state=3523, shuffle=False), round=4, cross_validation=True, predict=True, fit_kwargs={}, groups=None, refit=False, verbose=False, system=False, metrics=None, display=<pycaret.internal.Display.Display object at 0x7f2a70421e80>, kwargs={})
2021-02-21 14:14:24,887:INFO:Checking exceptions
2021-02-21 14:14:24,887:INFO:Importing libraries
2021-02-21 14:14:24,887:INFO:Copying training dataset
2021-02-21 14:14:24,889:INFO:Defining folds
2021-02-21 14:14:24,889:INFO:Declaring metric variables
2021-02-21 14:14:24,910:INFO:Importing untrained model
2021-02-21 14:14:24,924:INFO:Linear Regression Imported succesfully
2021-02-21 14:14:24,961:INFO:Starting cross validation
2021-02-21 14:14:24,967:INFO:Cross validating with KFold(n_splits=10, random_state=3523, shuffle=False), n_jobs=-1
2021-02-21 14:14:27,343:INFO:Calculating mean and std
2021-02-21 14:14:27,344:INFO:Creating metrics dataframe
2021-02-21 14:14:27,350:INFO:Uploading results into container
2021-02-21 14:14:27,351:INFO:Uploading model into container now
2021-02-21 14:14:27,351:INFO:create_model_container: 1
2021-02-21 14:14:27,351:INFO:master_model_container: 1
2021-02-21 14:14:27,351:INFO:display_container: 2
2021-02-21 14:14:27,351:INFO:LinearRegression(copy_X=True, fit_intercept=True, n_jobs=-1, normalize=False)
2021-02-21 14:14:27,351:INFO:create_model() succesfully completed......................................
2021-02-21 14:14:27,417:INFO:SubProcess create_model() end ==================================
2021-02-21 14:14:27,418:INFO:Creating metrics dataframe
2021-02-21 14:14:27,435:INFO:Initializing Lasso Regression
2021-02-21 14:14:27,436:INFO:Total runtime is 0.0427786389986674 minutes
2021-02-21 14:14:27,449:INFO:SubProcess create_model() called ==================================
2021-02-21 14:14:27,450:INFO:Initializing create_model()
2021-02-21 14:14:27,450:INFO:create_model(estimator=lasso, fold=KFold(n_splits=10, random_state=3523, shuffle=False), round=4, cross_validation=True, predict=True, fit_kwargs={}, groups=None, refit=False, verbose=False, system=False, metrics=None, display=<pycaret.internal.Display.Display object at 0x7f2a70421e80>, kwargs={})
2021-02-21 14:14:27,450:INFO:Checking exceptions
2021-02-21 14:14:27,450:INFO:Importing libraries
2021-02-21 14:14:27,450:INFO:Copying training dataset
2021-02-21 14:14:27,451:INFO:Defining folds
2021-02-21 14:14:27,452:INFO:Declaring metric variables
2021-02-21 14:14:27,467:INFO:Importing untrained model
2021-02-21 14:14:27,483:INFO:Lasso Regression Imported succesfully
2021-02-21 14:14:27,558:INFO:Starting cross validation
2021-02-21 14:14:27,561:INFO:Cross validating with KFold(n_splits=10, random_state=3523, shuffle=False), n_jobs=-1
2021-02-21 14:14:27,692:INFO:Calculating mean and std
2021-02-21 14:14:27,693:INFO:Creating metrics dataframe
2021-02-21 14:14:27,698:INFO:Uploading results into container
2021-02-21 14:14:27,698:INFO:Uploading model into container now
2021-02-21 14:14:27,698:INFO:create_model_container: 2
2021-02-21 14:14:27,698:INFO:master_model_container: 2
2021-02-21 14:14:27,698:INFO:display_container: 2
2021-02-21 14:14:27,699:INFO:Lasso(alpha=1.0, copy_X=True, fit_intercept=True, max_iter=1000,
      normalize=False, positive=False, precompute=False, random_state=3523,
      selection='cyclic', tol=0.0001, warm_start=False)
2021-02-21 14:14:27,699:INFO:create_model() succesfully completed......................................
2021-02-21 14:14:27,751:INFO:SubProcess create_model() end ==================================
2021-02-21 14:14:27,751:INFO:Creating metrics dataframe
2021-02-21 14:14:27,769:INFO:Initializing Ridge Regression
2021-02-21 14:14:27,770:INFO:Total runtime is 0.048344409465789794 minutes
2021-02-21 14:14:27,780:INFO:SubProcess create_model() called ==================================
2021-02-21 14:14:27,781:INFO:Initializing create_model()
2021-02-21 14:14:27,781:INFO:create_model(estimator=ridge, fold=KFold(n_splits=10, random_state=3523, shuffle=False), round=4, cross_validation=True, predict=True, fit_kwargs={}, groups=None, refit=False, verbose=False, system=False, metrics=None, display=<pycaret.internal.Display.Display object at 0x7f2a70421e80>, kwargs={})
2021-02-21 14:14:27,781:INFO:Checking exceptions
2021-02-21 14:14:27,781:INFO:Importing libraries
2021-02-21 14:14:27,781:INFO:Copying training dataset
2021-02-21 14:14:27,782:INFO:Defining folds
2021-02-21 14:14:27,782:INFO:Declaring metric variables
2021-02-21 14:14:27,796:INFO:Importing untrained model
2021-02-21 14:14:27,812:INFO:Ridge Regression Imported succesfully
2021-02-21 14:14:27,843:INFO:Starting cross validation
2021-02-21 14:14:27,845:INFO:Cross validating with KFold(n_splits=10, random_state=3523, shuffle=False), n_jobs=-1
2021-02-21 14:14:27,963:INFO:Calculating mean and std
2021-02-21 14:14:27,964:INFO:Creating metrics dataframe
2021-02-21 14:14:27,968:INFO:Uploading results into container
2021-02-21 14:14:27,969:INFO:Uploading model into container now
2021-02-21 14:14:27,969:INFO:create_model_container: 3
2021-02-21 14:14:27,969:INFO:master_model_container: 3
2021-02-21 14:14:27,969:INFO:display_container: 2
2021-02-21 14:14:27,969:INFO:Ridge(alpha=1.0, copy_X=True, fit_intercept=True, max_iter=None,
      normalize=False, random_state=3523, solver='auto', tol=0.001)
2021-02-21 14:14:27,970:INFO:create_model() succesfully completed......................................
2021-02-21 14:14:28,022:INFO:SubProcess create_model() end ==================================
2021-02-21 14:14:28,022:INFO:Creating metrics dataframe
2021-02-21 14:14:28,041:INFO:Initializing Elastic Net
2021-02-21 14:14:28,041:INFO:Total runtime is 0.05286915302276611 minutes
2021-02-21 14:14:28,055:INFO:SubProcess create_model() called ==================================
2021-02-21 14:14:28,056:INFO:Initializing create_model()
2021-02-21 14:14:28,056:INFO:create_model(estimator=en, fold=KFold(n_splits=10, random_state=3523, shuffle=False), round=4, cross_validation=True, predict=True, fit_kwargs={}, groups=None, refit=False, verbose=False, system=False, metrics=None, display=<pycaret.internal.Display.Display object at 0x7f2a70421e80>, kwargs={})
2021-02-21 14:14:28,056:INFO:Checking exceptions
2021-02-21 14:14:28,057:INFO:Importing libraries
2021-02-21 14:14:28,057:INFO:Copying training dataset
2021-02-21 14:14:28,058:INFO:Defining folds
2021-02-21 14:14:28,058:INFO:Declaring metric variables
2021-02-21 14:14:28,083:INFO:Importing untrained model
2021-02-21 14:14:28,106:INFO:Elastic Net Imported succesfully
2021-02-21 14:14:28,139:INFO:Starting cross validation
2021-02-21 14:14:28,140:INFO:Cross validating with KFold(n_splits=10, random_state=3523, shuffle=False), n_jobs=-1
2021-02-21 14:14:28,261:INFO:Calculating mean and std
2021-02-21 14:14:28,262:INFO:Creating metrics dataframe
2021-02-21 14:14:28,266:INFO:Uploading results into container
2021-02-21 14:14:28,266:INFO:Uploading model into container now
2021-02-21 14:14:28,266:INFO:create_model_container: 4
2021-02-21 14:14:28,266:INFO:master_model_container: 4
2021-02-21 14:14:28,266:INFO:display_container: 2
2021-02-21 14:14:28,267:INFO:ElasticNet(alpha=1.0, copy_X=True, fit_intercept=True, l1_ratio=0.5,
           max_iter=1000, normalize=False, positive=False, precompute=False,
           random_state=3523, selection='cyclic', tol=0.0001, warm_start=False)
2021-02-21 14:14:28,269:INFO:create_model() succesfully completed......................................
2021-02-21 14:14:28,322:INFO:SubProcess create_model() end ==================================
2021-02-21 14:14:28,322:INFO:Creating metrics dataframe
2021-02-21 14:14:28,341:INFO:Initializing Least Angle Regression
2021-02-21 14:14:28,341:INFO:Total runtime is 0.05787279605865478 minutes
2021-02-21 14:14:28,352:INFO:SubProcess create_model() called ==================================
2021-02-21 14:14:28,352:INFO:Initializing create_model()
2021-02-21 14:14:28,352:INFO:create_model(estimator=lar, fold=KFold(n_splits=10, random_state=3523, shuffle=False), round=4, cross_validation=True, predict=True, fit_kwargs={}, groups=None, refit=False, verbose=False, system=False, metrics=None, display=<pycaret.internal.Display.Display object at 0x7f2a70421e80>, kwargs={})
2021-02-21 14:14:28,353:INFO:Checking exceptions
2021-02-21 14:14:28,353:INFO:Importing libraries
2021-02-21 14:14:28,353:INFO:Copying training dataset
2021-02-21 14:14:28,354:INFO:Defining folds
2021-02-21 14:14:28,354:INFO:Declaring metric variables
2021-02-21 14:14:28,366:INFO:Importing untrained model
2021-02-21 14:14:28,381:INFO:Least Angle Regression Imported succesfully
2021-02-21 14:14:28,422:INFO:Starting cross validation
2021-02-21 14:14:28,423:INFO:Cross validating with KFold(n_splits=10, random_state=3523, shuffle=False), n_jobs=-1
2021-02-21 14:14:28,607:INFO:Calculating mean and std
2021-02-21 14:14:28,608:INFO:Creating metrics dataframe
2021-02-21 14:14:28,613:INFO:Uploading results into container
2021-02-21 14:14:28,613:INFO:Uploading model into container now
2021-02-21 14:14:28,614:INFO:create_model_container: 5
2021-02-21 14:14:28,614:INFO:master_model_container: 5
2021-02-21 14:14:28,614:INFO:display_container: 2
2021-02-21 14:14:28,614:INFO:Lars(copy_X=True, eps=2.220446049250313e-16, fit_intercept=True, fit_path=True,
     jitter=None, n_nonzero_coefs=500, normalize=True, precompute='auto',
     random_state=3523, verbose=False)
2021-02-21 14:14:28,614:INFO:create_model() succesfully completed......................................
2021-02-21 14:14:28,667:INFO:SubProcess create_model() end ==================================
2021-02-21 14:14:28,667:INFO:Creating metrics dataframe
2021-02-21 14:14:28,687:INFO:Initializing Lasso Least Angle Regression
2021-02-21 14:14:28,687:INFO:Total runtime is 0.06363625526428222 minutes
2021-02-21 14:14:28,698:INFO:SubProcess create_model() called ==================================
2021-02-21 14:14:28,699:INFO:Initializing create_model()
2021-02-21 14:14:28,699:INFO:create_model(estimator=llar, fold=KFold(n_splits=10, random_state=3523, shuffle=False), round=4, cross_validation=True, predict=True, fit_kwargs={}, groups=None, refit=False, verbose=False, system=False, metrics=None, display=<pycaret.internal.Display.Display object at 0x7f2a70421e80>, kwargs={})
2021-02-21 14:14:28,699:INFO:Checking exceptions
2021-02-21 14:14:28,699:INFO:Importing libraries
2021-02-21 14:14:28,699:INFO:Copying training dataset
2021-02-21 14:14:28,701:INFO:Defining folds
2021-02-21 14:14:28,701:INFO:Declaring metric variables
2021-02-21 14:14:28,710:INFO:Importing untrained model
2021-02-21 14:14:28,726:INFO:Lasso Least Angle Regression Imported succesfully
2021-02-21 14:14:28,765:INFO:Starting cross validation
2021-02-21 14:14:28,766:INFO:Cross validating with KFold(n_splits=10, random_state=3523, shuffle=False), n_jobs=-1
2021-02-21 14:14:28,858:INFO:Calculating mean and std
2021-02-21 14:14:28,859:INFO:Creating metrics dataframe
2021-02-21 14:14:28,863:INFO:Uploading results into container
2021-02-21 14:14:28,864:INFO:Uploading model into container now
2021-02-21 14:14:28,864:INFO:create_model_container: 6
2021-02-21 14:14:28,864:INFO:master_model_container: 6
2021-02-21 14:14:28,864:INFO:display_container: 2
2021-02-21 14:14:28,864:INFO:LassoLars(alpha=1.0, copy_X=True, eps=2.220446049250313e-16, fit_intercept=True,
          fit_path=True, jitter=None, max_iter=500, normalize=True,
          positive=False, precompute='auto', random_state=3523, verbose=False)
2021-02-21 14:14:28,864:INFO:create_model() succesfully completed......................................
2021-02-21 14:14:28,917:INFO:SubProcess create_model() end ==================================
2021-02-21 14:14:28,917:INFO:Creating metrics dataframe
2021-02-21 14:14:28,937:INFO:Initializing Orthogonal Matching Pursuit
2021-02-21 14:14:28,938:INFO:Total runtime is 0.06781111160914102 minutes
2021-02-21 14:14:28,948:INFO:SubProcess create_model() called ==================================
2021-02-21 14:14:28,948:INFO:Initializing create_model()
2021-02-21 14:14:28,948:INFO:create_model(estimator=omp, fold=KFold(n_splits=10, random_state=3523, shuffle=False), round=4, cross_validation=True, predict=True, fit_kwargs={}, groups=None, refit=False, verbose=False, system=False, metrics=None, display=<pycaret.internal.Display.Display object at 0x7f2a70421e80>, kwargs={})
2021-02-21 14:14:28,949:INFO:Checking exceptions
2021-02-21 14:14:28,949:INFO:Importing libraries
2021-02-21 14:14:28,949:INFO:Copying training dataset
2021-02-21 14:14:28,950:INFO:Defining folds
2021-02-21 14:14:28,950:INFO:Declaring metric variables
2021-02-21 14:14:28,962:INFO:Importing untrained model
2021-02-21 14:14:28,980:INFO:Orthogonal Matching Pursuit Imported succesfully
2021-02-21 14:14:29,017:INFO:Starting cross validation
2021-02-21 14:14:29,018:INFO:Cross validating with KFold(n_splits=10, random_state=3523, shuffle=False), n_jobs=-1
2021-02-21 14:14:29,128:INFO:Calculating mean and std
2021-02-21 14:14:29,129:INFO:Creating metrics dataframe
2021-02-21 14:14:29,134:INFO:Uploading results into container
2021-02-21 14:14:29,134:INFO:Uploading model into container now
2021-02-21 14:14:29,134:INFO:create_model_container: 7
2021-02-21 14:14:29,134:INFO:master_model_container: 7
2021-02-21 14:14:29,134:INFO:display_container: 2
2021-02-21 14:14:29,134:INFO:OrthogonalMatchingPursuit(fit_intercept=True, n_nonzero_coefs=None,
                          normalize=True, precompute='auto', tol=None)
2021-02-21 14:14:29,134:INFO:create_model() succesfully completed......................................
2021-02-21 14:14:29,187:INFO:SubProcess create_model() end ==================================
2021-02-21 14:14:29,188:INFO:Creating metrics dataframe
2021-02-21 14:14:29,208:INFO:Initializing Bayesian Ridge
2021-02-21 14:14:29,208:INFO:Total runtime is 0.07232373952865599 minutes
2021-02-21 14:14:29,223:INFO:SubProcess create_model() called ==================================
2021-02-21 14:14:29,223:INFO:Initializing create_model()
2021-02-21 14:14:29,223:INFO:create_model(estimator=br, fold=KFold(n_splits=10, random_state=3523, shuffle=False), round=4, cross_validation=True, predict=True, fit_kwargs={}, groups=None, refit=False, verbose=False, system=False, metrics=None, display=<pycaret.internal.Display.Display object at 0x7f2a70421e80>, kwargs={})
2021-02-21 14:14:29,223:INFO:Checking exceptions
2021-02-21 14:14:29,223:INFO:Importing libraries
2021-02-21 14:14:29,224:INFO:Copying training dataset
2021-02-21 14:14:29,225:INFO:Defining folds
2021-02-21 14:14:29,225:INFO:Declaring metric variables
2021-02-21 14:14:29,236:INFO:Importing untrained model
2021-02-21 14:14:29,256:INFO:Bayesian Ridge Imported succesfully
2021-02-21 14:14:29,290:INFO:Starting cross validation
2021-02-21 14:14:29,291:INFO:Cross validating with KFold(n_splits=10, random_state=3523, shuffle=False), n_jobs=-1
2021-02-21 14:14:29,402:INFO:Calculating mean and std
2021-02-21 14:14:29,403:INFO:Creating metrics dataframe
2021-02-21 14:14:29,407:INFO:Uploading results into container
2021-02-21 14:14:29,407:INFO:Uploading model into container now
2021-02-21 14:14:29,407:INFO:create_model_container: 8
2021-02-21 14:14:29,407:INFO:master_model_container: 8
2021-02-21 14:14:29,408:INFO:display_container: 2
2021-02-21 14:14:29,408:INFO:BayesianRidge(alpha_1=1e-06, alpha_2=1e-06, alpha_init=None,
              compute_score=False, copy_X=True, fit_intercept=True,
              lambda_1=1e-06, lambda_2=1e-06, lambda_init=None, n_iter=300,
              normalize=False, tol=0.001, verbose=False)
2021-02-21 14:14:29,408:INFO:create_model() succesfully completed......................................
2021-02-21 14:14:29,462:INFO:SubProcess create_model() end ==================================
2021-02-21 14:14:29,463:INFO:Creating metrics dataframe
2021-02-21 14:14:29,483:INFO:Initializing Passive Aggressive Regressor
2021-02-21 14:14:29,484:INFO:Total runtime is 0.07691179513931273 minutes
2021-02-21 14:14:29,493:INFO:SubProcess create_model() called ==================================
2021-02-21 14:14:29,495:INFO:Initializing create_model()
2021-02-21 14:14:29,495:INFO:create_model(estimator=par, fold=KFold(n_splits=10, random_state=3523, shuffle=False), round=4, cross_validation=True, predict=True, fit_kwargs={}, groups=None, refit=False, verbose=False, system=False, metrics=None, display=<pycaret.internal.Display.Display object at 0x7f2a70421e80>, kwargs={})
2021-02-21 14:14:29,495:INFO:Checking exceptions
2021-02-21 14:14:29,495:INFO:Importing libraries
2021-02-21 14:14:29,495:INFO:Copying training dataset
2021-02-21 14:14:29,496:INFO:Defining folds
2021-02-21 14:14:29,497:INFO:Declaring metric variables
2021-02-21 14:14:29,506:INFO:Importing untrained model
2021-02-21 14:14:29,518:INFO:Passive Aggressive Regressor Imported succesfully
2021-02-21 14:14:29,558:INFO:Starting cross validation
2021-02-21 14:14:29,559:INFO:Cross validating with KFold(n_splits=10, random_state=3523, shuffle=False), n_jobs=-1
2021-02-21 14:14:29,772:INFO:Calculating mean and std
2021-02-21 14:14:29,774:INFO:Creating metrics dataframe
2021-02-21 14:14:29,780:INFO:Uploading results into container
2021-02-21 14:14:29,780:INFO:Uploading model into container now
2021-02-21 14:14:29,781:INFO:create_model_container: 9
2021-02-21 14:14:29,781:INFO:master_model_container: 9
2021-02-21 14:14:29,781:INFO:display_container: 2
2021-02-21 14:14:29,781:INFO:PassiveAggressiveRegressor(C=1.0, average=False, early_stopping=False,
                           epsilon=0.1, fit_intercept=True,
                           loss='epsilon_insensitive', max_iter=1000,
                           n_iter_no_change=5, random_state=3523, shuffle=True,
                           tol=0.001, validation_fraction=0.1, verbose=0,
                           warm_start=False)
2021-02-21 14:14:29,781:INFO:create_model() succesfully completed......................................
2021-02-21 14:14:29,854:INFO:SubProcess create_model() end ==================================
2021-02-21 14:14:29,854:INFO:Creating metrics dataframe
2021-02-21 14:14:29,888:INFO:Initializing Huber Regressor
2021-02-21 14:14:29,889:INFO:Total runtime is 0.08366106748580932 minutes
2021-02-21 14:14:29,899:INFO:SubProcess create_model() called ==================================
2021-02-21 14:14:29,900:INFO:Initializing create_model()
2021-02-21 14:14:29,900:INFO:create_model(estimator=huber, fold=KFold(n_splits=10, random_state=3523, shuffle=False), round=4, cross_validation=True, predict=True, fit_kwargs={}, groups=None, refit=False, verbose=False, system=False, metrics=None, display=<pycaret.internal.Display.Display object at 0x7f2a70421e80>, kwargs={})
2021-02-21 14:14:29,900:INFO:Checking exceptions
2021-02-21 14:14:29,900:INFO:Importing libraries
2021-02-21 14:14:29,900:INFO:Copying training dataset
2021-02-21 14:14:29,901:INFO:Defining folds
2021-02-21 14:14:29,902:INFO:Declaring metric variables
2021-02-21 14:14:29,913:INFO:Importing untrained model
2021-02-21 14:14:29,922:INFO:Huber Regressor Imported succesfully
2021-02-21 14:14:29,951:INFO:Starting cross validation
2021-02-21 14:14:29,951:INFO:Cross validating with KFold(n_splits=10, random_state=3523, shuffle=False), n_jobs=-1
2021-02-21 14:14:30,154:INFO:Calculating mean and std
2021-02-21 14:14:30,155:INFO:Creating metrics dataframe
2021-02-21 14:14:30,158:INFO:Uploading results into container
2021-02-21 14:14:30,158:INFO:Uploading model into container now
2021-02-21 14:14:30,159:INFO:create_model_container: 10
2021-02-21 14:14:30,159:INFO:master_model_container: 10
2021-02-21 14:14:30,159:INFO:display_container: 2
2021-02-21 14:14:30,159:INFO:HuberRegressor(alpha=0.0001, epsilon=1.35, fit_intercept=True, max_iter=100,
               tol=1e-05, warm_start=False)
2021-02-21 14:14:30,159:INFO:create_model() succesfully completed......................................
2021-02-21 14:14:30,215:INFO:SubProcess create_model() end ==================================
2021-02-21 14:14:30,215:INFO:Creating metrics dataframe
2021-02-21 14:14:30,237:INFO:Initializing K Neighbors Regressor
2021-02-21 14:14:30,237:INFO:Total runtime is 0.08946834007898966 minutes
2021-02-21 14:14:30,247:INFO:SubProcess create_model() called ==================================
2021-02-21 14:14:30,247:INFO:Initializing create_model()
2021-02-21 14:14:30,248:INFO:create_model(estimator=knn, fold=KFold(n_splits=10, random_state=3523, shuffle=False), round=4, cross_validation=True, predict=True, fit_kwargs={}, groups=None, refit=False, verbose=False, system=False, metrics=None, display=<pycaret.internal.Display.Display object at 0x7f2a70421e80>, kwargs={})
2021-02-21 14:14:30,248:INFO:Checking exceptions
2021-02-21 14:14:30,248:INFO:Importing libraries
2021-02-21 14:14:30,248:INFO:Copying training dataset
2021-02-21 14:14:30,249:INFO:Defining folds
2021-02-21 14:14:30,249:INFO:Declaring metric variables
2021-02-21 14:14:30,259:INFO:Importing untrained model
2021-02-21 14:14:30,273:INFO:K Neighbors Regressor Imported succesfully
2021-02-21 14:14:30,312:INFO:Starting cross validation
2021-02-21 14:14:30,313:INFO:Cross validating with KFold(n_splits=10, random_state=3523, shuffle=False), n_jobs=-1
2021-02-21 14:14:30,748:INFO:Calculating mean and std
2021-02-21 14:14:30,753:INFO:Creating metrics dataframe
2021-02-21 14:14:30,774:INFO:Uploading results into container
2021-02-21 14:14:30,775:INFO:Uploading model into container now
2021-02-21 14:14:30,775:INFO:create_model_container: 11
2021-02-21 14:14:30,784:INFO:master_model_container: 11
2021-02-21 14:14:30,784:INFO:display_container: 2
2021-02-21 14:14:30,786:INFO:KNeighborsRegressor(algorithm='auto', leaf_size=30, metric='minkowski',
                    metric_params=None, n_jobs=-1, n_neighbors=5, p=2,
                    weights='uniform')
2021-02-21 14:14:30,786:INFO:create_model() succesfully completed......................................
2021-02-21 14:14:30,897:INFO:SubProcess create_model() end ==================================
2021-02-21 14:14:30,897:INFO:Creating metrics dataframe
2021-02-21 14:14:30,921:INFO:Initializing Decision Tree Regressor
2021-02-21 14:14:30,921:INFO:Total runtime is 0.10087121725082396 minutes
2021-02-21 14:14:30,933:INFO:SubProcess create_model() called ==================================
2021-02-21 14:14:30,933:INFO:Initializing create_model()
2021-02-21 14:14:30,933:INFO:create_model(estimator=dt, fold=KFold(n_splits=10, random_state=3523, shuffle=False), round=4, cross_validation=True, predict=True, fit_kwargs={}, groups=None, refit=False, verbose=False, system=False, metrics=None, display=<pycaret.internal.Display.Display object at 0x7f2a70421e80>, kwargs={})
2021-02-21 14:14:30,934:INFO:Checking exceptions
2021-02-21 14:14:30,934:INFO:Importing libraries
2021-02-21 14:14:30,934:INFO:Copying training dataset
2021-02-21 14:14:30,935:INFO:Defining folds
2021-02-21 14:14:30,935:INFO:Declaring metric variables
2021-02-21 14:14:30,944:INFO:Importing untrained model
2021-02-21 14:14:30,963:INFO:Decision Tree Regressor Imported succesfully
2021-02-21 14:14:31,004:INFO:Starting cross validation
2021-02-21 14:14:31,005:INFO:Cross validating with KFold(n_splits=10, random_state=3523, shuffle=False), n_jobs=-1
2021-02-21 14:14:31,154:INFO:Calculating mean and std
2021-02-21 14:14:31,155:INFO:Creating metrics dataframe
2021-02-21 14:14:31,159:INFO:Uploading results into container
2021-02-21 14:14:31,159:INFO:Uploading model into container now
2021-02-21 14:14:31,159:INFO:create_model_container: 12
2021-02-21 14:14:31,159:INFO:master_model_container: 12
2021-02-21 14:14:31,159:INFO:display_container: 2
2021-02-21 14:14:31,160:INFO:DecisionTreeRegressor(ccp_alpha=0.0, criterion='mse', max_depth=None,
                      max_features=None, max_leaf_nodes=None,
                      min_impurity_decrease=0.0, min_impurity_split=None,
                      min_samples_leaf=1, min_samples_split=2,
                      min_weight_fraction_leaf=0.0, presort='deprecated',
                      random_state=3523, splitter='best')
2021-02-21 14:14:31,160:INFO:create_model() succesfully completed......................................
2021-02-21 14:14:31,214:INFO:SubProcess create_model() end ==================================
2021-02-21 14:14:31,215:INFO:Creating metrics dataframe
2021-02-21 14:14:31,238:INFO:Initializing Random Forest Regressor
2021-02-21 14:14:31,238:INFO:Total runtime is 0.10615793466567991 minutes
2021-02-21 14:14:31,249:INFO:SubProcess create_model() called ==================================
2021-02-21 14:14:31,250:INFO:Initializing create_model()
2021-02-21 14:14:31,250:INFO:create_model(estimator=rf, fold=KFold(n_splits=10, random_state=3523, shuffle=False), round=4, cross_validation=True, predict=True, fit_kwargs={}, groups=None, refit=False, verbose=False, system=False, metrics=None, display=<pycaret.internal.Display.Display object at 0x7f2a70421e80>, kwargs={})
2021-02-21 14:14:31,250:INFO:Checking exceptions
2021-02-21 14:14:31,250:INFO:Importing libraries
2021-02-21 14:14:31,250:INFO:Copying training dataset
2021-02-21 14:14:31,251:INFO:Defining folds
2021-02-21 14:14:31,252:INFO:Declaring metric variables
2021-02-21 14:14:31,260:INFO:Importing untrained model
2021-02-21 14:14:31,282:INFO:Random Forest Regressor Imported succesfully
2021-02-21 14:14:31,315:INFO:Starting cross validation
2021-02-21 14:14:31,316:INFO:Cross validating with KFold(n_splits=10, random_state=3523, shuffle=False), n_jobs=-1
2021-02-21 14:14:34,402:INFO:Calculating mean and std
2021-02-21 14:14:34,407:INFO:Creating metrics dataframe
2021-02-21 14:14:34,446:INFO:Uploading results into container
2021-02-21 14:14:34,447:INFO:Uploading model into container now
2021-02-21 14:14:34,448:INFO:create_model_container: 13
2021-02-21 14:14:34,452:INFO:master_model_container: 13
2021-02-21 14:14:34,453:INFO:display_container: 2
2021-02-21 14:14:34,455:INFO:RandomForestRegressor(bootstrap=True, ccp_alpha=0.0, criterion='mse',
                      max_depth=None, max_features='auto', max_leaf_nodes=None,
                      max_samples=None, min_impurity_decrease=0.0,
                      min_impurity_split=None, min_samples_leaf=1,
                      min_samples_split=2, min_weight_fraction_leaf=0.0,
                      n_estimators=100, n_jobs=-1, oob_score=False,
                      random_state=3523, verbose=0, warm_start=False)
2021-02-21 14:14:34,456:INFO:create_model() succesfully completed......................................
2021-02-21 14:14:34,551:INFO:SubProcess create_model() end ==================================
2021-02-21 14:14:34,551:INFO:Creating metrics dataframe
2021-02-21 14:14:34,573:INFO:Initializing Extra Trees Regressor
2021-02-21 14:14:34,573:INFO:Total runtime is 0.1617354075113932 minutes
2021-02-21 14:14:34,583:INFO:SubProcess create_model() called ==================================
2021-02-21 14:14:34,583:INFO:Initializing create_model()
2021-02-21 14:14:34,583:INFO:create_model(estimator=et, fold=KFold(n_splits=10, random_state=3523, shuffle=False), round=4, cross_validation=True, predict=True, fit_kwargs={}, groups=None, refit=False, verbose=False, system=False, metrics=None, display=<pycaret.internal.Display.Display object at 0x7f2a70421e80>, kwargs={})
2021-02-21 14:14:34,583:INFO:Checking exceptions
2021-02-21 14:14:34,583:INFO:Importing libraries
2021-02-21 14:14:34,583:INFO:Copying training dataset
2021-02-21 14:14:34,584:INFO:Defining folds
2021-02-21 14:14:34,585:INFO:Declaring metric variables
2021-02-21 14:14:34,594:INFO:Importing untrained model
2021-02-21 14:14:34,603:INFO:Extra Trees Regressor Imported succesfully
2021-02-21 14:14:34,620:INFO:Starting cross validation
2021-02-21 14:14:34,621:INFO:Cross validating with KFold(n_splits=10, random_state=3523, shuffle=False), n_jobs=-1
2021-02-21 14:14:37,243:INFO:Calculating mean and std
2021-02-21 14:14:37,244:INFO:Creating metrics dataframe
2021-02-21 14:14:37,251:INFO:Uploading results into container
2021-02-21 14:14:37,251:INFO:Uploading model into container now
2021-02-21 14:14:37,251:INFO:create_model_container: 14
2021-02-21 14:14:37,251:INFO:master_model_container: 14
2021-02-21 14:14:37,251:INFO:display_container: 2
2021-02-21 14:14:37,252:INFO:ExtraTreesRegressor(bootstrap=False, ccp_alpha=0.0, criterion='mse',
                    max_depth=None, max_features='auto', max_leaf_nodes=None,
                    max_samples=None, min_impurity_decrease=0.0,
                    min_impurity_split=None, min_samples_leaf=1,
                    min_samples_split=2, min_weight_fraction_leaf=0.0,
                    n_estimators=100, n_jobs=-1, oob_score=False,
                    random_state=3523, verbose=0, warm_start=False)
2021-02-21 14:14:37,252:INFO:create_model() succesfully completed......................................
2021-02-21 14:14:37,310:INFO:SubProcess create_model() end ==================================
2021-02-21 14:14:37,310:INFO:Creating metrics dataframe
2021-02-21 14:14:37,344:INFO:Initializing AdaBoost Regressor
2021-02-21 14:14:37,344:INFO:Total runtime is 0.20792339245478308 minutes
2021-02-21 14:14:37,355:INFO:SubProcess create_model() called ==================================
2021-02-21 14:14:37,355:INFO:Initializing create_model()
2021-02-21 14:14:37,355:INFO:create_model(estimator=ada, fold=KFold(n_splits=10, random_state=3523, shuffle=False), round=4, cross_validation=True, predict=True, fit_kwargs={}, groups=None, refit=False, verbose=False, system=False, metrics=None, display=<pycaret.internal.Display.Display object at 0x7f2a70421e80>, kwargs={})
2021-02-21 14:14:37,356:INFO:Checking exceptions
2021-02-21 14:14:37,356:INFO:Importing libraries
2021-02-21 14:14:37,356:INFO:Copying training dataset
2021-02-21 14:14:37,357:INFO:Defining folds
2021-02-21 14:14:37,357:INFO:Declaring metric variables
2021-02-21 14:14:37,368:INFO:Importing untrained model
2021-02-21 14:14:37,377:INFO:AdaBoost Regressor Imported succesfully
2021-02-21 14:14:37,411:INFO:Starting cross validation
2021-02-21 14:14:37,412:INFO:Cross validating with KFold(n_splits=10, random_state=3523, shuffle=False), n_jobs=-1
2021-02-21 14:14:37,833:INFO:Calculating mean and std
2021-02-21 14:14:37,834:INFO:Creating metrics dataframe
2021-02-21 14:14:37,839:INFO:Uploading results into container
2021-02-21 14:14:37,839:INFO:Uploading model into container now
2021-02-21 14:14:37,840:INFO:create_model_container: 15
2021-02-21 14:14:37,840:INFO:master_model_container: 15
2021-02-21 14:14:37,840:INFO:display_container: 2
2021-02-21 14:14:37,841:INFO:AdaBoostRegressor(base_estimator=None, learning_rate=1.0, loss='linear',
                  n_estimators=50, random_state=3523)
2021-02-21 14:14:37,841:INFO:create_model() succesfully completed......................................
2021-02-21 14:14:37,894:INFO:SubProcess create_model() end ==================================
2021-02-21 14:14:37,894:INFO:Creating metrics dataframe
2021-02-21 14:14:37,918:INFO:Initializing Gradient Boosting Regressor
2021-02-21 14:14:37,918:INFO:Total runtime is 0.2174914717674255 minutes
2021-02-21 14:14:37,930:INFO:SubProcess create_model() called ==================================
2021-02-21 14:14:37,930:INFO:Initializing create_model()
2021-02-21 14:14:37,931:INFO:create_model(estimator=gbr, fold=KFold(n_splits=10, random_state=3523, shuffle=False), round=4, cross_validation=True, predict=True, fit_kwargs={}, groups=None, refit=False, verbose=False, system=False, metrics=None, display=<pycaret.internal.Display.Display object at 0x7f2a70421e80>, kwargs={})
2021-02-21 14:14:37,931:INFO:Checking exceptions
2021-02-21 14:14:37,931:INFO:Importing libraries
2021-02-21 14:14:37,931:INFO:Copying training dataset
2021-02-21 14:14:37,932:INFO:Defining folds
2021-02-21 14:14:37,932:INFO:Declaring metric variables
2021-02-21 14:14:37,942:INFO:Importing untrained model
2021-02-21 14:14:37,969:INFO:Gradient Boosting Regressor Imported succesfully
2021-02-21 14:14:38,013:INFO:Starting cross validation
2021-02-21 14:14:38,014:INFO:Cross validating with KFold(n_splits=10, random_state=3523, shuffle=False), n_jobs=-1
2021-02-21 14:14:38,552:INFO:Calculating mean and std
2021-02-21 14:14:38,552:INFO:Creating metrics dataframe
2021-02-21 14:14:38,557:INFO:Uploading results into container
2021-02-21 14:14:38,557:INFO:Uploading model into container now
2021-02-21 14:14:38,557:INFO:create_model_container: 16
2021-02-21 14:14:38,557:INFO:master_model_container: 16
2021-02-21 14:14:38,557:INFO:display_container: 2
2021-02-21 14:14:38,558:INFO:GradientBoostingRegressor(alpha=0.9, ccp_alpha=0.0, criterion='friedman_mse',
                          init=None, learning_rate=0.1, loss='ls', max_depth=3,
                          max_features=None, max_leaf_nodes=None,
                          min_impurity_decrease=0.0, min_impurity_split=None,
                          min_samples_leaf=1, min_samples_split=2,
                          min_weight_fraction_leaf=0.0, n_estimators=100,
                          n_iter_no_change=None, presort='deprecated',
                          random_state=3523, subsample=1.0, tol=0.0001,
                          validation_fraction=0.1, verbose=0, warm_start=False)
2021-02-21 14:14:38,558:INFO:create_model() succesfully completed......................................
2021-02-21 14:14:38,611:INFO:SubProcess create_model() end ==================================
2021-02-21 14:14:38,611:INFO:Creating metrics dataframe
2021-02-21 14:14:38,638:INFO:Initializing Extreme Gradient Boosting
2021-02-21 14:14:38,638:INFO:Total runtime is 0.22949267228444414 minutes
2021-02-21 14:14:38,650:INFO:SubProcess create_model() called ==================================
2021-02-21 14:14:38,650:INFO:Initializing create_model()
2021-02-21 14:14:38,650:INFO:create_model(estimator=xgboost, fold=KFold(n_splits=10, random_state=3523, shuffle=False), round=4, cross_validation=True, predict=True, fit_kwargs={}, groups=None, refit=False, verbose=False, system=False, metrics=None, display=<pycaret.internal.Display.Display object at 0x7f2a70421e80>, kwargs={})
2021-02-21 14:14:38,651:INFO:Checking exceptions
2021-02-21 14:14:38,651:INFO:Importing libraries
2021-02-21 14:14:38,651:INFO:Copying training dataset
2021-02-21 14:14:38,652:INFO:Defining folds
2021-02-21 14:14:38,652:INFO:Declaring metric variables
2021-02-21 14:14:38,664:INFO:Importing untrained model
2021-02-21 14:14:38,678:INFO:Extreme Gradient Boosting Imported succesfully
2021-02-21 14:14:38,717:INFO:Starting cross validation
2021-02-21 14:14:38,720:INFO:Cross validating with KFold(n_splits=10, random_state=3523, shuffle=False), n_jobs=-1
2021-02-21 14:14:44,031:INFO:Calculating mean and std
2021-02-21 14:14:44,033:INFO:Creating metrics dataframe
2021-02-21 14:14:44,043:INFO:Uploading results into container
2021-02-21 14:14:44,043:INFO:Uploading model into container now
2021-02-21 14:14:44,043:INFO:create_model_container: 17
2021-02-21 14:14:44,043:INFO:master_model_container: 17
2021-02-21 14:14:44,043:INFO:display_container: 2
2021-02-21 14:14:44,044:INFO:XGBRegressor(base_score=None, booster='gbtree', colsample_bylevel=None,
             colsample_bynode=None, colsample_bytree=None, gamma=None,
             gpu_id=None, importance_type='gain', interaction_constraints=None,
             learning_rate=None, max_delta_step=None, max_depth=None,
             min_child_weight=None, missing=nan, monotone_constraints=None,
             n_estimators=100, n_jobs=-1, num_parallel_tree=None,
             objective='reg:squarederror', random_state=3523, reg_alpha=None,
             reg_lambda=None, scale_pos_weight=None, subsample=None,
             tree_method='auto', validate_parameters=None, verbosity=0)
2021-02-21 14:14:44,044:INFO:create_model() succesfully completed......................................
2021-02-21 14:14:44,107:INFO:SubProcess create_model() end ==================================
2021-02-21 14:14:44,108:INFO:Creating metrics dataframe
2021-02-21 14:14:44,138:INFO:Initializing Light Gradient Boosting Machine
2021-02-21 14:14:44,138:INFO:Total runtime is 0.3211490631103515 minutes
2021-02-21 14:14:44,156:INFO:SubProcess create_model() called ==================================
2021-02-21 14:14:44,157:INFO:Initializing create_model()
2021-02-21 14:14:44,157:INFO:create_model(estimator=lightgbm, fold=KFold(n_splits=10, random_state=3523, shuffle=False), round=4, cross_validation=True, predict=True, fit_kwargs={}, groups=None, refit=False, verbose=False, system=False, metrics=None, display=<pycaret.internal.Display.Display object at 0x7f2a70421e80>, kwargs={})
2021-02-21 14:14:44,157:INFO:Checking exceptions
2021-02-21 14:14:44,157:INFO:Importing libraries
2021-02-21 14:14:44,157:INFO:Copying training dataset
2021-02-21 14:14:44,161:INFO:Defining folds
2021-02-21 14:14:44,161:INFO:Declaring metric variables
2021-02-21 14:14:44,190:INFO:Importing untrained model
2021-02-21 14:14:44,222:INFO:Light Gradient Boosting Machine Imported succesfully
2021-02-21 14:14:44,289:INFO:Starting cross validation
2021-02-21 14:14:44,301:INFO:Cross validating with KFold(n_splits=10, random_state=3523, shuffle=False), n_jobs=-1
2021-02-21 14:14:49,890:INFO:Calculating mean and std
2021-02-21 14:14:49,891:INFO:Creating metrics dataframe
2021-02-21 14:14:49,898:INFO:Uploading results into container
2021-02-21 14:14:49,898:INFO:Uploading model into container now
2021-02-21 14:14:49,898:INFO:create_model_container: 18
2021-02-21 14:14:49,898:INFO:master_model_container: 18
2021-02-21 14:14:49,898:INFO:display_container: 2
2021-02-21 14:14:49,899:INFO:LGBMRegressor(boosting_type='gbdt', class_weight=None, colsample_bytree=1.0,
              importance_type='split', learning_rate=0.1, max_depth=-1,
              min_child_samples=20, min_child_weight=0.001, min_split_gain=0.0,
              n_estimators=100, n_jobs=-1, num_leaves=31, objective=None,
              random_state=3523, reg_alpha=0.0, reg_lambda=0.0, silent=True,
              subsample=1.0, subsample_for_bin=200000, subsample_freq=0)
2021-02-21 14:14:49,899:INFO:create_model() succesfully completed......................................
2021-02-21 14:14:49,963:INFO:SubProcess create_model() end ==================================
2021-02-21 14:14:49,963:INFO:Creating metrics dataframe
2021-02-21 14:14:49,991:INFO:Initializing CatBoost Regressor
2021-02-21 14:14:49,991:INFO:Total runtime is 0.4187087257703145 minutes
2021-02-21 14:14:50,005:INFO:SubProcess create_model() called ==================================
2021-02-21 14:14:50,005:INFO:Initializing create_model()
2021-02-21 14:14:50,005:INFO:create_model(estimator=catboost, fold=KFold(n_splits=10, random_state=3523, shuffle=False), round=4, cross_validation=True, predict=True, fit_kwargs={}, groups=None, refit=False, verbose=False, system=False, metrics=None, display=<pycaret.internal.Display.Display object at 0x7f2a70421e80>, kwargs={})
2021-02-21 14:14:50,005:INFO:Checking exceptions
2021-02-21 14:14:50,006:INFO:Importing libraries
2021-02-21 14:14:50,006:INFO:Copying training dataset
2021-02-21 14:14:50,007:INFO:Defining folds
2021-02-21 14:14:50,007:INFO:Declaring metric variables
2021-02-21 14:14:50,019:INFO:Importing untrained model
2021-02-21 14:14:50,041:INFO:CatBoost Regressor Imported succesfully
2021-02-21 14:14:50,105:INFO:Starting cross validation
2021-02-21 14:14:50,109:INFO:Cross validating with KFold(n_splits=10, random_state=3523, shuffle=False), n_jobs=-1
2021-02-21 14:14:59,619:INFO:Calculating mean and std
2021-02-21 14:14:59,620:INFO:Creating metrics dataframe
2021-02-21 14:14:59,626:INFO:Uploading results into container
2021-02-21 14:14:59,628:INFO:Uploading model into container now
2021-02-21 14:14:59,630:INFO:create_model_container: 19
2021-02-21 14:14:59,630:INFO:master_model_container: 19
2021-02-21 14:14:59,630:INFO:display_container: 2
2021-02-21 14:14:59,630:INFO:<catboost.core.CatBoostRegressor object at 0x7f2a3b0459e8>
2021-02-21 14:14:59,630:INFO:create_model() succesfully completed......................................
2021-02-21 14:14:59,688:INFO:SubProcess create_model() end ==================================
2021-02-21 14:14:59,688:INFO:Creating metrics dataframe
2021-02-21 14:14:59,737:INFO:Initializing create_model()
2021-02-21 14:14:59,738:INFO:create_model(estimator=<catboost.core.CatBoostRegressor object at 0x7f2a3b0459e8>, fold=KFold(n_splits=10, random_state=3523, shuffle=False), round=4, cross_validation=False, predict=False, fit_kwargs={}, groups=None, refit=True, verbose=False, system=False, metrics=None, display=None, kwargs={})
2021-02-21 14:14:59,738:INFO:Checking exceptions
2021-02-21 14:14:59,738:INFO:Importing libraries
2021-02-21 14:14:59,738:INFO:Copying training dataset
2021-02-21 14:14:59,739:INFO:Defining folds
2021-02-21 14:14:59,739:INFO:Declaring metric variables
2021-02-21 14:14:59,739:INFO:Importing untrained model
2021-02-21 14:14:59,739:INFO:Declaring custom model
2021-02-21 14:14:59,739:INFO:CatBoost Regressor Imported succesfully
2021-02-21 14:14:59,740:INFO:Cross validation set to False
2021-02-21 14:14:59,740:INFO:Fitting Model
2021-02-21 14:15:00,876:INFO:<catboost.core.CatBoostRegressor object at 0x7f2a3af4cf28>
2021-02-21 14:15:00,876:INFO:create_models() succesfully completed......................................
2021-02-21 14:15:00,992:INFO:create_model_container: 19
2021-02-21 14:15:00,993:INFO:master_model_container: 19
2021-02-21 14:15:00,993:INFO:display_container: 2
2021-02-21 14:15:00,993:INFO:<catboost.core.CatBoostRegressor object at 0x7f2a3af4cf28>
2021-02-21 14:15:00,993:INFO:compare_models() succesfully completed......................................
2021-02-21 14:19:19,056:INFO:Initializing create_model()
2021-02-21 14:19:19,059:INFO:create_model(estimator=et, fold=None, round=4, cross_validation=True, predict=True, fit_kwargs=None, groups=None, refit=True, verbose=True, system=True, metrics=None, display=None, kwargs={})
2021-02-21 14:19:19,060:INFO:Checking exceptions
2021-02-21 14:19:19,060:INFO:Preparing display monitor
2021-02-21 14:19:19,082:INFO:Importing libraries
2021-02-21 14:19:19,082:INFO:Copying training dataset
2021-02-21 14:19:19,083:INFO:Defining folds
2021-02-21 14:19:19,084:INFO:Declaring metric variables
2021-02-21 14:19:19,097:INFO:Importing untrained model
2021-02-21 14:19:19,111:INFO:Extra Trees Regressor Imported succesfully
2021-02-21 14:19:19,146:INFO:Starting cross validation
2021-02-21 14:19:19,147:INFO:Cross validating with KFold(n_splits=10, random_state=3523, shuffle=False), n_jobs=-1
2021-02-21 14:19:21,831:INFO:Calculating mean and std
2021-02-21 14:19:21,834:INFO:Creating metrics dataframe
2021-02-21 14:19:21,869:INFO:Finalizing model
2021-02-21 14:19:22,480:INFO:Uploading results into container
2021-02-21 14:19:22,481:INFO:Uploading model into container now
2021-02-21 14:19:22,519:INFO:create_model_container: 20
2021-02-21 14:19:22,519:INFO:master_model_container: 20
2021-02-21 14:19:22,519:INFO:display_container: 3
2021-02-21 14:19:22,520:INFO:ExtraTreesRegressor(bootstrap=False, ccp_alpha=0.0, criterion='mse',
                    max_depth=None, max_features='auto', max_leaf_nodes=None,
                    max_samples=None, min_impurity_decrease=0.0,
                    min_impurity_split=None, min_samples_leaf=1,
                    min_samples_split=2, min_weight_fraction_leaf=0.0,
                    n_estimators=100, n_jobs=-1, oob_score=False,
                    random_state=3523, verbose=0, warm_start=False)
2021-02-21 14:19:22,521:INFO:create_model() succesfully completed......................................
2021-02-21 14:19:25,832:INFO:Initializing tune_model()
2021-02-21 14:19:25,836:INFO:tune_model(estimator=et, fold=None, round=4, n_iter=50, custom_grid=None, optimize=mae, custom_scorer=None, search_library=scikit-learn, search_algorithm=None, early_stopping=False, early_stopping_max_iters=10, choose_better=False, fit_kwargs=None, groups=None, return_tuner=False, verbose=True, tuner_verbose=True, display=None, kwargs={})
2021-02-21 14:19:25,836:INFO:Checking exceptions
