2021-02-22 11:20:13,533:INFO:PyCaret Supervised Module
2021-02-22 11:20:13,533:INFO:ML Usecase: classification
2021-02-22 11:20:13,533:INFO:version 2.2.3
2021-02-22 11:20:13,533:INFO:Initializing setup()
2021-02-22 11:20:13,533:INFO:setup(target=Purchase, ml_usecase=classification, available_plots={'parameter': 'Hyperparameters', 'auc': 'AUC', 'confusion_matrix': 'Confusion Matrix', 'threshold': 'Threshold', 'pr': 'Precision Recall', 'error': 'Prediction Error', 'class_report': 'Class Report', 'rfe': 'Feature Selection', 'learning': 'Learning Curve', 'manifold': 'Manifold Learning', 'calibration': 'Calibration Curve', 'vc': 'Validation Curve', 'dimension': 'Dimensions', 'feature': 'Feature Importance', 'feature_all': 'Feature Importance (All)', 'boundary': 'Decision Boundary', 'lift': 'Lift Chart', 'gain': 'Gain Chart', 'tree': 'Decision Tree'}, train_size=0.7, test_data=None, preprocess=True, imputation_type=simple, iterative_imputation_iters=5, categorical_features=None, categorical_imputation=constant, categorical_iterative_imputer=lightgbm, ordinal_features=None, high_cardinality_features=None, high_cardinality_method=frequency, numeric_features=None, numeric_imputation=mean, numeric_iterative_imputer=lightgbm, date_features=None, ignore_features=None, normalize=False, normalize_method=zscore, transformation=False, transformation_method=yeo-johnson, handle_unknown_categorical=True, unknown_categorical_method=least_frequent, pca=False, pca_method=linear, pca_components=None, ignore_low_variance=False, combine_rare_levels=False, rare_level_threshold=0.1, bin_numeric_features=None, remove_outliers=False, outliers_threshold=0.05, remove_multicollinearity=False, multicollinearity_threshold=0.9, remove_perfect_collinearity=True, create_clusters=False, cluster_iter=20, polynomial_features=False, polynomial_degree=2, trigonometry_features=False, polynomial_threshold=0.1, group_features=None, group_names=None, feature_selection=False, feature_selection_threshold=0.8, feature_selection_method=classic, feature_interaction=False, feature_ratio=False, interaction_threshold=0.01, fix_imbalance=False, fix_imbalance_method=None, transform_target=False, transform_target_method=box-cox, data_split_shuffle=True, data_split_stratify=False, fold_strategy=stratifiedkfold, fold=10, fold_shuffle=False, fold_groups=None, n_jobs=-1, use_gpu=False, custom_pipeline=None, html=True, session_id=None, log_experiment=False, experiment_name=None, log_plots=False, log_profile=False, log_data=False, silent=False, verbose=True, profile=False, profile_kwargs=None, display=None)
2021-02-22 11:20:13,533:INFO:Checking environment
2021-02-22 11:20:13,533:INFO:python_version: 3.7.0
2021-02-22 11:20:13,533:INFO:python_build: ('default', 'Oct  9 2018 10:31:47')
2021-02-22 11:20:13,533:INFO:machine: x86_64
2021-02-22 11:20:13,533:INFO:platform: Linux-5.8.0-43-generic-x86_64-with-debian-bullseye-sid
2021-02-22 11:20:13,534:WARNING:cannot find psutil installation. memory not traceable. Install psutil using pip to enable memory logging.
2021-02-22 11:20:13,534:INFO:Checking libraries
2021-02-22 11:20:13,534:INFO:pd==1.2.2
2021-02-22 11:20:13,534:INFO:numpy==1.19.2
2021-02-22 11:20:13,534:INFO:sklearn==0.23.2
2021-02-22 11:20:13,573:INFO:xgboost==1.3.3
2021-02-22 11:20:13,573:INFO:lightgbm==3.1.1
2021-02-22 11:20:13,690:INFO:catboost==0.24.4
2021-02-22 11:20:13,945:INFO:mlflow==1.14.0
2021-02-22 11:20:13,945:INFO:Checking Exceptions
2021-02-22 11:20:13,946:INFO:Declaring global variables
2021-02-22 11:20:13,946:INFO:USI: 9a40
2021-02-22 11:20:13,946:INFO:pycaret_globals: {'target_param', '_gpu_n_jobs_param', 'imputation_classifier', 'X_train', 'gpu_param', 'master_model_container', '_available_plots', 'y', '_all_models', '_ml_usecase', 'X_test', '_internal_pipeline', 'create_model_container', 'fold_shuffle_param', 'display_container', 'fix_imbalance_method_param', 'stratify_param', '_all_models_internal', 'fix_imbalance_param', 'imputation_regressor', 'n_jobs_param', 'USI', 'html_param', 'seed', 'transform_target_method_param', 'experiment__', 'log_plots_param', 'fold_groups_param', 'data_before_preprocess', 'exp_name_log', 'transform_target_param', 'y_test', 'X', 'iterative_imputation_iters_param', 'pycaret_globals', 'y_train', 'fold_generator', 'prep_pipe', 'logging_param', '_all_metrics', 'fold_param'}
2021-02-22 11:20:13,946:INFO:Preparing display monitor
2021-02-22 11:20:13,946:INFO:Preparing display monitor
2021-02-22 11:20:13,958:INFO:Importing libraries
2021-02-22 11:20:13,959:INFO:Copying data for preprocessing
2021-02-22 11:20:13,974:INFO:Declaring preprocessing parameters
2021-02-22 11:20:13,976:INFO:Creating preprocessing pipeline
2021-02-22 11:20:14,031:INFO:Preprocessing pipeline created successfully
2021-02-22 11:20:14,032:ERROR:(Process Exit): setup has been interupted with user command 'quit'. setup must rerun.
2021-02-22 11:20:14,033:INFO:Creating global containers
2021-02-22 11:20:14,035:INFO:Internal pipeline: Pipeline(memory=None, steps=[('empty_step', 'passthrough')], verbose=False)
2021-02-22 11:22:11,738:INFO:PyCaret Supervised Module
2021-02-22 11:22:11,738:INFO:ML Usecase: classification
2021-02-22 11:22:11,738:INFO:version 2.2.3
2021-02-22 11:22:11,739:INFO:Initializing setup()
2021-02-22 11:22:11,739:INFO:setup(target=species, ml_usecase=classification, available_plots={'parameter': 'Hyperparameters', 'auc': 'AUC', 'confusion_matrix': 'Confusion Matrix', 'threshold': 'Threshold', 'pr': 'Precision Recall', 'error': 'Prediction Error', 'class_report': 'Class Report', 'rfe': 'Feature Selection', 'learning': 'Learning Curve', 'manifold': 'Manifold Learning', 'calibration': 'Calibration Curve', 'vc': 'Validation Curve', 'dimension': 'Dimensions', 'feature': 'Feature Importance', 'feature_all': 'Feature Importance (All)', 'boundary': 'Decision Boundary', 'lift': 'Lift Chart', 'gain': 'Gain Chart', 'tree': 'Decision Tree'}, train_size=0.7, test_data=None, preprocess=True, imputation_type=simple, iterative_imputation_iters=5, categorical_features=None, categorical_imputation=constant, categorical_iterative_imputer=lightgbm, ordinal_features=None, high_cardinality_features=None, high_cardinality_method=frequency, numeric_features=None, numeric_imputation=mean, numeric_iterative_imputer=lightgbm, date_features=None, ignore_features=None, normalize=False, normalize_method=zscore, transformation=False, transformation_method=yeo-johnson, handle_unknown_categorical=True, unknown_categorical_method=least_frequent, pca=False, pca_method=linear, pca_components=None, ignore_low_variance=False, combine_rare_levels=False, rare_level_threshold=0.1, bin_numeric_features=None, remove_outliers=False, outliers_threshold=0.05, remove_multicollinearity=False, multicollinearity_threshold=0.9, remove_perfect_collinearity=True, create_clusters=False, cluster_iter=20, polynomial_features=False, polynomial_degree=2, trigonometry_features=False, polynomial_threshold=0.1, group_features=None, group_names=None, feature_selection=False, feature_selection_threshold=0.8, feature_selection_method=classic, feature_interaction=False, feature_ratio=False, interaction_threshold=0.01, fix_imbalance=False, fix_imbalance_method=None, transform_target=False, transform_target_method=box-cox, data_split_shuffle=True, data_split_stratify=False, fold_strategy=stratifiedkfold, fold=10, fold_shuffle=False, fold_groups=None, n_jobs=-1, use_gpu=False, custom_pipeline=None, html=True, session_id=None, log_experiment=False, experiment_name=None, log_plots=False, log_profile=False, log_data=False, silent=False, verbose=True, profile=False, profile_kwargs=None, display=None)
2021-02-22 11:22:11,739:INFO:Checking environment
2021-02-22 11:22:11,739:INFO:python_version: 3.7.0
2021-02-22 11:22:11,739:INFO:python_build: ('default', 'Oct  9 2018 10:31:47')
2021-02-22 11:22:11,739:INFO:machine: x86_64
2021-02-22 11:22:11,739:INFO:platform: Linux-5.8.0-43-generic-x86_64-with-debian-bullseye-sid
2021-02-22 11:22:11,739:WARNING:cannot find psutil installation. memory not traceable. Install psutil using pip to enable memory logging.
2021-02-22 11:22:11,739:INFO:Checking libraries
2021-02-22 11:22:11,739:INFO:pd==1.2.2
2021-02-22 11:22:11,739:INFO:numpy==1.19.2
2021-02-22 11:22:11,740:INFO:sklearn==0.23.2
2021-02-22 11:22:11,740:INFO:xgboost==1.3.3
2021-02-22 11:22:11,740:INFO:lightgbm==3.1.1
2021-02-22 11:22:11,740:INFO:catboost==0.24.4
2021-02-22 11:22:11,740:INFO:mlflow==1.14.0
2021-02-22 11:22:11,740:INFO:Checking Exceptions
2021-02-22 11:22:11,740:INFO:Declaring global variables
2021-02-22 11:22:11,740:INFO:USI: 12b7
2021-02-22 11:22:11,740:INFO:pycaret_globals: {'target_param', '_gpu_n_jobs_param', 'imputation_classifier', 'X_train', 'gpu_param', 'master_model_container', '_available_plots', 'y', '_all_models', '_ml_usecase', 'X_test', '_internal_pipeline', 'create_model_container', 'fold_shuffle_param', 'display_container', 'fix_imbalance_method_param', 'stratify_param', '_all_models_internal', 'fix_imbalance_param', 'imputation_regressor', 'n_jobs_param', 'USI', 'html_param', 'seed', 'transform_target_method_param', 'experiment__', 'log_plots_param', 'fold_groups_param', 'data_before_preprocess', 'exp_name_log', 'transform_target_param', 'y_test', 'X', 'iterative_imputation_iters_param', 'pycaret_globals', 'y_train', 'fold_generator', 'prep_pipe', 'logging_param', '_all_metrics', 'fold_param'}
2021-02-22 11:22:11,740:INFO:Preparing display monitor
2021-02-22 11:22:11,740:INFO:Preparing display monitor
2021-02-22 11:22:11,763:INFO:Importing libraries
2021-02-22 11:22:11,764:INFO:Copying data for preprocessing
2021-02-22 11:22:11,783:INFO:Declaring preprocessing parameters
2021-02-22 11:22:11,785:INFO:Creating preprocessing pipeline
2021-02-22 11:22:11,797:INFO:Preprocessing pipeline created successfully
2021-02-22 11:22:11,797:ERROR:(Process Exit): setup has been interupted with user command 'quit'. setup must rerun.
2021-02-22 11:22:11,798:INFO:Creating global containers
2021-02-22 11:22:11,798:INFO:Internal pipeline: Pipeline(memory=None, steps=[('empty_step', 'passthrough')], verbose=False)
2021-02-22 11:30:22,263:INFO:PyCaret Supervised Module
2021-02-22 11:30:22,264:INFO:ML Usecase: classification
2021-02-22 11:30:22,264:INFO:version 2.2.3
2021-02-22 11:30:22,265:INFO:Initializing setup()
2021-02-22 11:30:22,265:INFO:setup(target=species, ml_usecase=classification, available_plots={'parameter': 'Hyperparameters', 'auc': 'AUC', 'confusion_matrix': 'Confusion Matrix', 'threshold': 'Threshold', 'pr': 'Precision Recall', 'error': 'Prediction Error', 'class_report': 'Class Report', 'rfe': 'Feature Selection', 'learning': 'Learning Curve', 'manifold': 'Manifold Learning', 'calibration': 'Calibration Curve', 'vc': 'Validation Curve', 'dimension': 'Dimensions', 'feature': 'Feature Importance', 'feature_all': 'Feature Importance (All)', 'boundary': 'Decision Boundary', 'lift': 'Lift Chart', 'gain': 'Gain Chart', 'tree': 'Decision Tree'}, train_size=0.7, test_data=None, preprocess=True, imputation_type=simple, iterative_imputation_iters=5, categorical_features=None, categorical_imputation=constant, categorical_iterative_imputer=lightgbm, ordinal_features=None, high_cardinality_features=None, high_cardinality_method=frequency, numeric_features=None, numeric_imputation=mean, numeric_iterative_imputer=lightgbm, date_features=None, ignore_features=None, normalize=False, normalize_method=zscore, transformation=False, transformation_method=yeo-johnson, handle_unknown_categorical=True, unknown_categorical_method=least_frequent, pca=False, pca_method=linear, pca_components=None, ignore_low_variance=False, combine_rare_levels=False, rare_level_threshold=0.1, bin_numeric_features=None, remove_outliers=False, outliers_threshold=0.05, remove_multicollinearity=False, multicollinearity_threshold=0.9, remove_perfect_collinearity=True, create_clusters=False, cluster_iter=20, polynomial_features=False, polynomial_degree=2, trigonometry_features=False, polynomial_threshold=0.1, group_features=None, group_names=None, feature_selection=False, feature_selection_threshold=0.8, feature_selection_method=classic, feature_interaction=False, feature_ratio=False, interaction_threshold=0.01, fix_imbalance=False, fix_imbalance_method=None, transform_target=False, transform_target_method=box-cox, data_split_shuffle=True, data_split_stratify=False, fold_strategy=stratifiedkfold, fold=10, fold_shuffle=False, fold_groups=None, n_jobs=-1, use_gpu=False, custom_pipeline=None, html=True, session_id=None, log_experiment=False, experiment_name=None, log_plots=False, log_profile=False, log_data=False, silent=False, verbose=True, profile=False, profile_kwargs=None, display=None)
2021-02-22 11:30:22,265:INFO:Checking environment
2021-02-22 11:30:22,265:INFO:python_version: 3.7.0
2021-02-22 11:30:22,266:INFO:python_build: ('default', 'Oct  9 2018 10:31:47')
2021-02-22 11:30:22,266:INFO:machine: x86_64
2021-02-22 11:30:22,266:INFO:platform: Linux-5.8.0-43-generic-x86_64-with-debian-bullseye-sid
2021-02-22 11:30:22,267:WARNING:cannot find psutil installation. memory not traceable. Install psutil using pip to enable memory logging.
2021-02-22 11:30:22,267:INFO:Checking libraries
2021-02-22 11:30:22,267:INFO:pd==1.2.2
2021-02-22 11:30:22,267:INFO:numpy==1.19.2
2021-02-22 11:30:22,268:INFO:sklearn==0.23.2
2021-02-22 11:30:22,268:INFO:xgboost==1.3.3
2021-02-22 11:30:22,268:INFO:lightgbm==3.1.1
2021-02-22 11:30:22,268:INFO:catboost==0.24.4
2021-02-22 11:30:22,268:INFO:mlflow==1.14.0
2021-02-22 11:30:22,268:INFO:Checking Exceptions
2021-02-22 11:30:22,268:INFO:Declaring global variables
2021-02-22 11:30:22,268:INFO:USI: ada0
2021-02-22 11:30:22,268:INFO:pycaret_globals: {'target_param', '_gpu_n_jobs_param', 'imputation_classifier', 'X_train', 'gpu_param', 'master_model_container', '_available_plots', 'y', '_all_models', '_ml_usecase', 'X_test', '_internal_pipeline', 'create_model_container', 'fold_shuffle_param', 'display_container', 'fix_imbalance_method_param', 'stratify_param', '_all_models_internal', 'fix_imbalance_param', 'imputation_regressor', 'n_jobs_param', 'USI', 'html_param', 'seed', 'transform_target_method_param', 'experiment__', 'log_plots_param', 'fold_groups_param', 'data_before_preprocess', 'exp_name_log', 'transform_target_param', 'y_test', 'X', 'iterative_imputation_iters_param', 'pycaret_globals', 'y_train', 'fold_generator', 'prep_pipe', 'logging_param', '_all_metrics', 'fold_param'}
2021-02-22 11:30:22,268:INFO:Preparing display monitor
2021-02-22 11:30:22,268:INFO:Preparing display monitor
2021-02-22 11:30:22,287:INFO:Importing libraries
2021-02-22 11:30:22,288:INFO:Copying data for preprocessing
2021-02-22 11:30:22,305:INFO:Declaring preprocessing parameters
2021-02-22 11:30:22,307:INFO:Creating preprocessing pipeline
2021-02-22 11:30:22,325:INFO:Preprocessing pipeline created successfully
2021-02-22 11:30:22,325:ERROR:(Process Exit): setup has been interupted with user command 'quit'. setup must rerun.
2021-02-22 11:30:22,326:INFO:Creating global containers
2021-02-22 11:30:22,326:INFO:Internal pipeline: Pipeline(memory=None, steps=[('empty_step', 'passthrough')], verbose=False)
